  [Legal] Failed https://www.ftc.gov/news-events/news/press-releases/2023/01/ftc-takes-action-against-fortnite-maker-epic-games-deceptive-tactics: 404 Client Error: Not Found for url: https://www.ftc.gov/news-events/news/press-releases/2023/01/ftc-takes-action-against-fortnite-maker-epic-games-deceptive-tactics
  [Legal] Failed https://www.ftc.gov/news-events/news/press-releases/2023/07/ftc-moves-block-amazons-acquisition-irobot: 404 Client Error: Not Found for url: https://www.ftc.gov/news-events/news/press-releases/2023/07/ftc-moves-block-amazons-acquisition-irobot
  [Legal] Failed https://www.ftc.gov/news-events/news/press-releases/2023/09/ftc-takes-action-ban-surveillance-pricing: 404 Client Error: Not Found for url: https://www.ftc.gov/news-events/news/press-releases/2023/09/ftc-takes-action-ban-surveillance-pricing
  [Legal] Failed https://www.ftc.gov/news-events/news/press-releases/2024/01/ftc-bans-outlogic-x-mode-social-selling-sensitive-location-data: 404 Client Error: Not Found for url: https://www.ftc.gov/news-events/news/press-releases/2024/01/ftc-bans-outlogic-x-mode-social-selling-sensitive-location-data
  [Legal] Failed https://www.ftc.gov/news-events/news/press-releases/2024/03/ftc-takes-action-against-avast-selling-browsing-data: 404 Client Error: Not Found for url: https://www.ftc.gov/news-events/news/press-releases/2024/03/ftc-takes-action-against-avast-selling-browsing-data
  [Legal] Failed https://www.ftc.gov/news-events/news/press-releases/2024/05/ftc-finalizes-order-against-telehealth-firm-cerebral-misusing-sensitive-health-data: 404 Client Error: Not Found for url: https://www.ftc.gov/news-events/news/press-releases/2024/05/ftc-finalizes-order-against-telehealth-firm-cerebral-misusing-sensitive-health-data
  [Legal] Failed https://www.ftc.gov/news-events/news/press-releases/2024/08/ftc-report-finds-surveillance-pricing-raises-concerns-about-competition-consumer-privacy: 404 Client Error: Not Found for url: https://www.ftc.gov/news-events/news/press-releases/2024/08/ftc-report-finds-surveillance-pricing-raises-concerns-about-competition-consumer-privacy
  [Legal] Failed https://www.ftc.gov/news-events/news/press-releases/2023/03/ftc-takes-action-against-malicious-spyware-stalkerware-app-developers: 404 Client Error: Not Found for url: https://www.ftc.gov/news-events/news/press-releases/2023/03/ftc-takes-action-against-malicious-spyware-stalkerware-app-developers
  [Legal] Failed https://www.ftc.gov/news-events/news/press-releases/2022/09/ftc-takes-action-against-data-broker-kochava: 404 Client Error: Not Found for url: https://www.ftc.gov/news-events/news/press-releases/2022/09/ftc-takes-action-against-data-broker-kochava
  [Legal] Failed https://www.ftc.gov/news-events/news/press-releases/2022/11/ftc-sues-amazon-ceo-jeff-bezos-founder-chairman: 404 Client Error: Not Found for url: https://www.ftc.gov/news-events/news/press-releases/2022/11/ftc-sues-amazon-ceo-jeff-bezos-founder-chairman
  [Legal] sec_2023.txt saved (5000 chars).
  [Legal] sec_2023.txt already on disk.
  [Legal] sec_2023.txt already on disk.
  [Legal] sec_2024.txt saved (5000 chars).
  [Legal] sec_2024.txt already on disk.
  [Legal] sec_2022.txt saved (5000 chars).
  [Legal] sec_2022.txt already on disk.
  [Legal] sec_2023.txt already on disk.
  [Legal] sec_2023.txt already on disk.
  [Legal] sec_2024.txt already on disk.
  [Legal] Failed https://www.consumerfinance.gov/enforcement/actions/navient/: 404 Client Error: Not Found for url: https://www.consumerfinance.gov/enforcement/actions/navient/
  [Legal] Failed https://www.consumerfinance.gov/enforcement/actions/wells-fargo-bank-na-3/: 404 Client Error: Not Found for url: https://www.consumerfinance.gov/enforcement/actions/wells-fargo-bank-na-3/
  [Legal] cfpb_jpmorgan_chase_bank_na.txt saved (4310 chars).
  [Legal] cfpb_bank_of_america_na.txt saved (4959 chars).
  [Legal] Failed https://www.consumerfinance.gov/enforcement/actions/citibank-na/: 404 Client Error: Not Found for url: https://www.consumerfinance.gov/enforcement/actions/citibank-na/
  [Legal] Failed https://www.consumerfinance.gov/enforcement/actions/trans-union/: 404 Client Error: Not Found for url: https://www.consumerfinance.gov/enforcement/actions/trans-union/
  [Legal] cfpb_equifax_inc.txt saved (4136 chars).
  [Legal] cfpb_experian_information_solutions_inc.txt saved (5000 chars).
  [Legal] cfpb_ace_cash_express.txt saved (3698 chars).
  [Legal] cfpb_enova_international_inc.txt saved (4180 chars).

[Legal] Done. 16 documents saved to /home/jnariani_umass_edu/cat_theory/kan_transfer/data/corpora/legal
